#
# There is insufficient memory for the Java Runtime Environment to continue.
# Native memory allocation (mmap) failed to map 32505856 bytes for committing reserved memory.
# Possible reasons:
#   The system is out of physical RAM or swap space
#   The process is running with CompressedOops enabled, and the Java Heap may be blocking the growth of the native heap
# Possible solutions:
#   Reduce memory load on the system
#   Increase physical memory or swap space
#   Check if swap backing store is full
#   Decrease Java heap size (-Xmx/-Xms)
#   Decrease number of Java threads
#   Decrease Java thread stack sizes (-Xss)
#   Set larger code cache with -XX:ReservedCodeCacheSize=
# This output file may be truncated or incomplete.
#
#  Out of Memory Error (os_linux.cpp:2795), pid=1521, tid=0x00007f9e1bd39700
#
# JRE version:  (8.0_282-b08) (build )
# Java VM: OpenJDK 64-Bit Server VM (25.282-b08 mixed mode linux-amd64 compressed oops)
# Failed to write core dump. Core dumps have been disabled. To enable core dumping, try "ulimit -c unlimited" before starting Java again
#

---------------  T H R E A D  ---------------

Current thread (0x00007f9e1400b000):  JavaThread "Unknown thread" [_thread_in_vm, id=1529, stack(0x00007f9e1bc3a000,0x00007f9e1bd3a000)]

Stack: [0x00007f9e1bc3a000,0x00007f9e1bd3a000],  sp=0x00007f9e1bd38630,  free space=1017k
Native frames: (J=compiled Java code, j=interpreted, Vv=VM code, C=native code)
V  [libjvm.so+0xb31df2]  VMError::report_and_die()+0x2e2
V  [libjvm.so+0x4e1327]  report_vm_out_of_memory(char const*, int, unsigned long, VMErrorType, char const*)+0x67
V  [libjvm.so+0x9617c0]  os::pd_commit_memory(char*, unsigned long, unsigned long, bool)+0x100
V  [libjvm.so+0x9593df]  os::commit_memory(char*, unsigned long, unsigned long, bool)+0x1f
V  [libjvm.so+0x9de046]  PSVirtualSpace::expand_by(unsigned long)+0x56
V  [libjvm.so+0x9dff66]  PSYoungGen::initialize(ReservedSpace, unsigned long)+0x96
V  [libjvm.so+0x2b69c4]  AdjoiningGenerations::AdjoiningGenerations(ReservedSpace, GenerationSizer*, unsigned long)+0x2c4
V  [libjvm.so+0x98bd62]  ParallelScavengeHeap::initialize()+0x222
V  [libjvm.so+0xaf545a]  Universe::initialize_heap()+0x16a
V  [libjvm.so+0xaf5743]  universe_init()+0x33
V  [libjvm.so+0x63df10]  init_globals()+0x50
V  [libjvm.so+0xad7b3d]  Threads::create_vm(JavaVMInitArgs*, bool*)+0x4ed
V  [libjvm.so+0x71afa0]  JNI_CreateJavaVM+0x50
C  [libjli.so+0x7f60]  JavaMain+0x90
C  [libpthread.so.0+0x7fa3]  start_thread+0xf3


---------------  P R O C E S S  ---------------

Java Threads: ( => current thread )

Other Threads:

=>0x00007f9e1400b000 (exited) JavaThread "Unknown thread" [_thread_in_vm, id=1529, stack(0x00007f9e1bc3a000,0x00007f9e1bd3a000)]

VM state:not at safepoint (not fully initialized)

VM Mutex/Monitor currently owned by a thread: None

heap address: 0x00000000a2c00000, size: 1492 MB, Compressed Oops mode: Non-zero based:0x00000000a2bff000
Narrow klass base: 0x0000000000000000, Narrow klass shift: 0

GC Heap History (0 events):
No events

Deoptimization events (0 events):
No events

Classes redefined (0 events):
No events

Internal exceptions (0 events):
No events

Events (0 events):
No events


Dynamic libraries:
a2c00000-e0f00000 ---p 00000000 00:00 0 
e2e00000-100000000 ---p 00000000 00:00 0 
55b5fb901000-55b5fb902000 r-xp 00000000 08:01 109525                     /opt/bitnami/java/bin/java
55b5fbb01000-55b5fbb02000 r--p 00000000 08:01 109525                     /opt/bitnami/java/bin/java
55b5fbb02000-55b5fbb03000 rw-p 00001000 08:01 109525                     /opt/bitnami/java/bin/java
55b5fca54000-55b5fca75000 rw-p 00000000 00:00 0                          [heap]
7f9e05000000-7f9e05270000 rwxp 00000000 00:00 0 
7f9e05270000-7f9e14000000 ---p 00000000 00:00 0 
7f9e14000000-7f9e14034000 rw-p 00000000 00:00 0 
7f9e14034000-7f9e18000000 ---p 00000000 00:00 0 
7f9e1ac72000-7f9e1af06000 rw-p 00000000 00:00 0 
7f9e1af06000-7f9e1b1f0000 ---p 00000000 00:00 0 
7f9e1b1f0000-7f9e1b1fb000 rw-p 00000000 00:00 0 
7f9e1b1fb000-7f9e1b5b1000 ---p 00000000 00:00 0 
7f9e1b5b1000-7f9e1b5cc000 r-xp 00000000 08:01 143879                     /opt/bitnami/java/lib/amd64/libzip.so
7f9e1b5cc000-7f9e1b7cb000 ---p 0001b000 08:01 143879                     /opt/bitnami/java/lib/amd64/libzip.so
7f9e1b7cb000-7f9e1b7cc000 r--p 0001a000 08:01 143879                     /opt/bitnami/java/lib/amd64/libzip.so
7f9e1b7cc000-7f9e1b7cd000 rw-p 0001b000 08:01 143879                     /opt/bitnami/java/lib/amd64/libzip.so
7f9e1b7cd000-7f9e1b7d5000 rw-s 00000000 08:01 169240                     /tmp/hsperfdata_erikrill/1521
7f9e1b7d5000-7f9e1b7d8000 r--p 00000000 08:01 521252                     /lib/x86_64-linux-gnu/libnss_files-2.28.so
7f9e1b7d8000-7f9e1b7df000 r-xp 00003000 08:01 521252                     /lib/x86_64-linux-gnu/libnss_files-2.28.so
7f9e1b7df000-7f9e1b7e1000 r--p 0000a000 08:01 521252                     /lib/x86_64-linux-gnu/libnss_files-2.28.so
7f9e1b7e1000-7f9e1b7e2000 ---p 0000c000 08:01 521252                     /lib/x86_64-linux-gnu/libnss_files-2.28.so
7f9e1b7e2000-7f9e1b7e3000 r--p 0000c000 08:01 521252                     /lib/x86_64-linux-gnu/libnss_files-2.28.so
7f9e1b7e3000-7f9e1b7e4000 rw-p 0000d000 08:01 521252                     /lib/x86_64-linux-gnu/libnss_files-2.28.so
7f9e1b7e4000-7f9e1b7ea000 rw-p 00000000 00:00 0 
7f9e1b7f0000-7f9e1b81a000 r-xp 00000000 08:01 143894                     /opt/bitnami/java/lib/amd64/libjava.so
7f9e1b81a000-7f9e1ba19000 ---p 0002a000 08:01 143894                     /opt/bitnami/java/lib/amd64/libjava.so
7f9e1ba19000-7f9e1ba1a000 r--p 00029000 08:01 143894                     /opt/bitnami/java/lib/amd64/libjava.so
7f9e1ba1a000-7f9e1ba1c000 rw-p 0002a000 08:01 143894                     /opt/bitnami/java/lib/amd64/libjava.so
7f9e1ba1c000-7f9e1ba2d000 r-xp 00000000 08:01 143887                     /opt/bitnami/java/lib/amd64/libverify.so
7f9e1ba2d000-7f9e1bc2c000 ---p 00011000 08:01 143887                     /opt/bitnami/java/lib/amd64/libverify.so
7f9e1bc2c000-7f9e1bc2e000 r--p 00010000 08:01 143887                     /opt/bitnami/java/lib/amd64/libverify.so
7f9e1bc2e000-7f9e1bc2f000 rw-p 00012000 08:01 143887                     /opt/bitnami/java/lib/amd64/libverify.so
7f9e1bc2f000-7f9e1bc31000 r--p 00000000 08:01 521259                     /lib/x86_64-linux-gnu/librt-2.28.so
7f9e1bc31000-7f9e1bc35000 r-xp 00002000 08:01 521259                     /lib/x86_64-linux-gnu/librt-2.28.so
7f9e1bc35000-7f9e1bc37000 r--p 00006000 08:01 521259                     /lib/x86_64-linux-gnu/librt-2.28.so
7f9e1bc37000-7f9e1bc38000 r--p 00007000 08:01 521259                     /lib/x86_64-linux-gnu/librt-2.28.so
7f9e1bc38000-7f9e1bc39000 rw-p 00008000 08:01 521259                     /lib/x86_64-linux-gnu/librt-2.28.so
7f9e1bc39000-7f9e1bc3a000 ---p 00000000 00:00 0 
7f9e1bc3a000-7f9e1bc3d000 ---p 00000000 00:00 0 
7f9e1bc3d000-7f9e1bd3a000 rw-p 00000000 00:00 0 
7f9e1bd3a000-7f9e1bd47000 r--p 00000000 08:01 521246                     /lib/x86_64-linux-gnu/libm-2.28.so
7f9e1bd47000-7f9e1bde6000 r-xp 0000d000 08:01 521246                     /lib/x86_64-linux-gnu/libm-2.28.so
7f9e1bde6000-7f9e1bebb000 r--p 000ac000 08:01 521246                     /lib/x86_64-linux-gnu/libm-2.28.so
7f9e1bebb000-7f9e1bebc000 r--p 00180000 08:01 521246                     /lib/x86_64-linux-gnu/libm-2.28.so
7f9e1bebc000-7f9e1bebd000 rw-p 00181000 08:01 521246                     /lib/x86_64-linux-gnu/libm-2.28.so
7f9e1bebd000-7f9e1cc0e000 r-xp 00000000 08:01 143904                     /opt/bitnami/java/lib/amd64/server/libjvm.so
7f9e1cc0e000-7f9e1ce0d000 ---p 00d51000 08:01 143904                     /opt/bitnami/java/lib/amd64/server/libjvm.so
7f9e1ce0d000-7f9e1cea4000 r--p 00d50000 08:01 143904                     /opt/bitnami/java/lib/amd64/server/libjvm.so
7f9e1cea4000-7f9e1cecd000 rw-p 00de7000 08:01 143904                     /opt/bitnami/java/lib/amd64/server/libjvm.so
7f9e1cecd000-7f9e1cf03000 rw-p 00000000 00:00 0 
7f9e1cf03000-7f9e1cf25000 r--p 00000000 08:01 521238                     /lib/x86_64-linux-gnu/libc-2.28.so
7f9e1cf25000-7f9e1d06d000 r-xp 00022000 08:01 521238                     /lib/x86_64-linux-gnu/libc-2.28.so
7f9e1d06d000-7f9e1d0b9000 r--p 0016a000 08:01 521238                     /lib/x86_64-linux-gnu/libc-2.28.so
7f9e1d0b9000-7f9e1d0ba000 ---p 001b6000 08:01 521238                     /lib/x86_64-linux-gnu/libc-2.28.so
7f9e1d0ba000-7f9e1d0be000 r--p 001b6000 08:01 521238                     /lib/x86_64-linux-gnu/libc-2.28.so
7f9e1d0be000-7f9e1d0c0000 rw-p 001ba000 08:01 521238                     /lib/x86_64-linux-gnu/libc-2.28.so
7f9e1d0c0000-7f9e1d0c6000 rw-p 00000000 00:00 0 
7f9e1d0c6000-7f9e1d0c7000 r--p 00000000 08:01 521245                     /lib/x86_64-linux-gnu/libdl-2.28.so
7f9e1d0c7000-7f9e1d0c8000 r-xp 00001000 08:01 521245                     /lib/x86_64-linux-gnu/libdl-2.28.so
7f9e1d0c8000-7f9e1d0c9000 r--p 00002000 08:01 521245                     /lib/x86_64-linux-gnu/libdl-2.28.so
7f9e1d0c9000-7f9e1d0ca000 r--p 00002000 08:01 521245                     /lib/x86_64-linux-gnu/libdl-2.28.so
7f9e1d0ca000-7f9e1d0cb000 rw-p 00003000 08:01 521245                     /lib/x86_64-linux-gnu/libdl-2.28.so
7f9e1d0cb000-7f9e1d0e2000 r-xp 00000000 08:01 143906                     /opt/bitnami/java/lib/amd64/jli/libjli.so
7f9e1d0e2000-7f9e1d2e1000 ---p 00017000 08:01 143906                     /opt/bitnami/java/lib/amd64/jli/libjli.so
7f9e1d2e1000-7f9e1d2e2000 r--p 00016000 08:01 143906                     /opt/bitnami/java/lib/amd64/jli/libjli.so
7f9e1d2e2000-7f9e1d2e3000 rw-p 00017000 08:01 143906                     /opt/bitnami/java/lib/amd64/jli/libjli.so
7f9e1d2e3000-7f9e1d2e9000 r--p 00000000 08:01 521257                     /lib/x86_64-linux-gnu/libpthread-2.28.so
7f9e1d2e9000-7f9e1d2f8000 r-xp 00006000 08:01 521257                     /lib/x86_64-linux-gnu/libpthread-2.28.so
7f9e1d2f8000-7f9e1d2fe000 r--p 00015000 08:01 521257                     /lib/x86_64-linux-gnu/libpthread-2.28.so
7f9e1d2fe000-7f9e1d2ff000 r--p 0001a000 08:01 521257                     /lib/x86_64-linux-gnu/libpthread-2.28.so
7f9e1d2ff000-7f9e1d300000 rw-p 0001b000 08:01 521257                     /lib/x86_64-linux-gnu/libpthread-2.28.so
7f9e1d300000-7f9e1d304000 rw-p 00000000 00:00 0 
7f9e1d308000-7f9e1d309000 rw-p 00000000 00:00 0 
7f9e1d309000-7f9e1d30a000 r--p 00000000 00:00 0 
7f9e1d30a000-7f9e1d30c000 rw-p 00000000 00:00 0 
7f9e1d30c000-7f9e1d30d000 r--p 00000000 08:01 521234                     /lib/x86_64-linux-gnu/ld-2.28.so
7f9e1d30d000-7f9e1d32b000 r-xp 00001000 08:01 521234                     /lib/x86_64-linux-gnu/ld-2.28.so
7f9e1d32b000-7f9e1d333000 r--p 0001f000 08:01 521234                     /lib/x86_64-linux-gnu/ld-2.28.so
7f9e1d333000-7f9e1d334000 r--p 00026000 08:01 521234                     /lib/x86_64-linux-gnu/ld-2.28.so
7f9e1d334000-7f9e1d335000 rw-p 00027000 08:01 521234                     /lib/x86_64-linux-gnu/ld-2.28.so
7f9e1d335000-7f9e1d336000 rw-p 00000000 00:00 0 
7fff963cc000-7fff963ee000 rw-p 00000000 00:00 0                          [stack]
7fff963f2000-7fff963f5000 r--p 00000000 00:00 0                          [vvar]
7fff963f5000-7fff963f7000 r-xp 00000000 00:00 0                          [vdso]

VM Arguments:
java_command: /opt/bitnami/python/lib/python3.8/site-packages/run_kotlin_kernel/jars/kotlin-jupyter-kernel-0.9.1-51.jar -classpath=/opt/bitnami/python/lib/python3.8/site-packages/run_kotlin_kernel/jars/lib-0.9.1-51.jar:/opt/bitnami/python/lib/python3.8/site-packages/run_kotlin_kernel/jars/api-0.9.1-51.jar:/opt/bitnami/python/lib/python3.8/site-packages/run_kotlin_kernel/jars/kotlin-script-runtime-1.5.20-dev-5817.jar:/opt/bitnami/python/lib/python3.8/site-packages/run_kotlin_kernel/jars/kotlin-reflect-1.5.0.jar:/opt/bitnami/python/lib/python3.8/site-packages/run_kotlin_kernel/jars/kotlin-stdlib-1.5.0.jar:/opt/bitnami/python/lib/python3.8/site-packages/run_kotlin_kernel/jars/annotations-13.0.jar:/opt/bitnami/python/lib/python3.8/site-packages/run_kotlin_kernel/jars/kotlin-stdlib-common-1.5.0.jar /home/erikrill/.local/share/jupyter/runtime/kernel-969f1326-ddd9-4b8d-9af5-754d29682c8c.json -home=/opt/bitnami/python/lib/python3.8/site-packages/run_kotlin_kernel
java_class_path (initial): /opt/bitnami/python/lib/python3.8/site-packages/run_kotlin_kernel/jars/kotlin-jupyter-kernel-0.9.1-51.jar
Launcher Type: SUN_STANDARD

Environment Variables:
JAVA_HOME=/opt/bitnami/java
PATH=/opt/bitnami/apps/edx/edx-platform/node_modules/.bin:/opt/bitnami/apps/edx/bin:/opt/bitnami/postgresql/bin:/opt/bitnami/git/bin:/opt/bitnami/perl/bin:/opt/bitnami/nodejs/bin:/opt/bitnami/java/bin:/opt/bitnami/erlang/bin:/opt/bitnami/ruby/bin:/opt/bitnami/python/bin:/opt/bitnami/elasticsearch/bin:/opt/bitnami/memcached/bin:/opt/bitnami/mongodb/bin:/opt/bitnami/sqlite/bin:/opt/bitnami/mysql/bin:/opt/bitnami/letsencrypt/:/opt/bitnami/apache2/bin:/opt/bitnami/common/bin:/opt/bitnami/apps/edx/edx-platform/node_modules/.bin:/opt/bitnami/apps/edx/bin:/opt/bitnami/postgresql/bin:/opt/bitnami/git/bin:/opt/bitnami/perl/bin:/opt/bitnami/nodejs/bin:/opt/bitnami/java/bin:/opt/bitnami/erlang/bin:/opt/bitnami/ruby/bin:/opt/bitnami/python/bin:/opt/bitnami/elasticsearch/bin:/opt/bitnami/memcached/bin:/opt/bitnami/mongodb/bin:/opt/bitnami/sqlite/bin:/opt/bitnami/mysql/bin:/opt/bitnami/letsencrypt/:/opt/bitnami/apache2/bin:/opt/bitnami/common/bin:/opt/bitnami/apps/edx/edx-platform/node_modules/.bin:/opt/bitnami/apps/edx/bin:/opt/bitnami/postgresql/bin:/opt/bitnami/git/bin:/opt/bitnami/perl/bin:/opt/bitnami/nodejs/bin:/opt/bitnami/java/bin:/opt/bitnami/erlang/bin:/opt/bitnami/ruby/bin:/opt/bitnami/python/bin:/opt/bitnami/elasticsearch/bin:/opt/bitnami/memcached/bin:/opt/bitnami/mongodb/bin:/opt/bitnami/sqlite/bin:/opt/bitnami/mysql/bin:/opt/bitnami/letsencrypt/:/opt/bitnami/apache2/bin:/opt/bitnami/common/bin:/opt/bitnami/python/bin
LD_LIBRARY_PATH=/opt/bitnami/java/lib/amd64/server:/opt/bitnami/java/lib/amd64:/opt/bitnami/java/../lib/amd64:/opt/bitnami/ruby/lib/ruby/gems/2.5.0/gems/passenger-6.0.5/lib:/opt/bitnami/postgresql/lib:/opt/bitnami/git/lib:/opt/bitnami/perl/lib:/opt/bitnami/perl/lib/5.32.1/x86_64-linux-thread-multi/CORE:/opt/bitnami/java/lib/amd64/server:/opt/bitnami/java/lib/amd64/headless:/opt/bitnami/java/lib/amd64/jli:/opt/bitnami/java/lib/amd64:/opt/bitnami/erlang/lib:/opt/bitnami/ruby/lib:/opt/bitnami/python/lib:/opt/bitnami/memcached/lib:/opt/bitnami/mongodb/lib:/opt/bitnami/sqlite/lib:/opt/bitnami/mysql/lib:/opt/bitnami/apache2/lib:/opt/bitnami/common/lib:/opt/bitnami/common/lib64:/opt/bitnami/ruby/lib/ruby/gems/2.5.0/gems/passenger-6.0.5/lib:/opt/bitnami/postgresql/lib:/opt/bitnami/git/lib:/opt/bitnami/perl/lib:/opt/bitnami/perl/lib/5.32.1/x86_64-linux-thread-multi/CORE:/opt/bitnami/java/lib/amd64/server:/opt/bitnami/java/lib/amd64/headless:/opt/bitnami/java/lib/amd64/jli:/opt/bitnami/java/lib/amd64:/opt/bitnami/erlang/lib:/opt/bitnami/ruby/lib:/opt/bitnami/python/lib:/opt/bitnami/memcached/lib:/opt/bitnami/mongodb/lib:/opt/bitnami/sqlite/lib:/opt/bitnami/mysql/lib:/opt/bitnami/apache2/lib:/opt/bitnami/common/lib:/opt/bitnami/common/lib64
SHELL=/bin/bash

Signal Handlers:
SIGSEGV: [libjvm.so+0xb326f0], sa_mask[0]=11111111011111111101111111111110, sa_flags=SA_RESTART|SA_SIGINFO
SIGBUS: [libjvm.so+0xb326f0], sa_mask[0]=11111111011111111101111111111110, sa_flags=SA_RESTART|SA_SIGINFO
SIGFPE: [libjvm.so+0x95cbb0], sa_mask[0]=11111111011111111101111111111110, sa_flags=SA_RESTART|SA_SIGINFO
SIGPIPE: [libjvm.so+0x95cbb0], sa_mask[0]=11111111011111111101111111111110, sa_flags=SA_RESTART|SA_SIGINFO
SIGXFSZ: [libjvm.so+0x95cbb0], sa_mask[0]=11111111011111111101111111111110, sa_flags=SA_RESTART|SA_SIGINFO
SIGILL: [libjvm.so+0x95cbb0], sa_mask[0]=11111111011111111101111111111110, sa_flags=SA_RESTART|SA_SIGINFO
SIGUSR1: SIG_DFL, sa_mask[0]=00000000000000000000000000000000, sa_flags=none
SIGUSR2: [libjvm.so+0x95ca80], sa_mask[0]=00000000000000000000000000000000, sa_flags=SA_RESTART|SA_SIGINFO
SIGHUP: SIG_DFL, sa_mask[0]=00000000000000000000000000000000, sa_flags=none
SIGINT: SIG_DFL, sa_mask[0]=00000000000000000000000000000000, sa_flags=none
SIGTERM: SIG_DFL, sa_mask[0]=00000000000000000000000000000000, sa_flags=none
SIGQUIT: SIG_DFL, sa_mask[0]=00000000000000000000000000000000, sa_flags=none


---------------  S Y S T E M  ---------------

OS:PRETTY_NAME="Debian GNU/Linux 10 (buster)"
NAME="Debian GNU/Linux"
VERSION_ID="10"
VERSION="10 (buster)"
VERSION_CODENAME=buster
ID=debian
HOME_URL="https://www.debian.org/"
SUPPORT_URL="https://www.debian.org/support"
BUG_REPORT_URL="https://bugs.debian.org/"

uname:Linux 4.19.0-17-amd64 #1 SMP Debian 4.19.194-3 (2021-07-18) x86_64
libc:glibc 2.28 NPTL 2.28 
rlimit: STACK 8192k, CORE 0k, NPROC 32768, NOFILE 1048576, AS infinity
load average:1.54 0.72 0.40

/proc/meminfo:
MemTotal:        6105684 kB
MemFree:          121060 kB
MemAvailable:       7176 kB
Buffers:             396 kB
Cached:            14480 kB
SwapCached:            0 kB
Active:          5781568 kB
Inactive:           9992 kB
Active(anon):    5779216 kB
Inactive(anon):     6404 kB
Active(file):       2352 kB
Inactive(file):     3588 kB
Unevictable:           0 kB
Mlocked:               0 kB
SwapTotal:             0 kB
SwapFree:              0 kB
Dirty:                36 kB
Writeback:             0 kB
AnonPages:       5777044 kB
Mapped:             7764 kB
Shmem:              8484 kB
Slab:              73128 kB
SReclaimable:      23868 kB
SUnreclaim:        49260 kB
KernelStack:       10080 kB
PageTables:        49952 kB
NFS_Unstable:          0 kB
Bounce:                0 kB
WritebackTmp:          0 kB
CommitLimit:     3052840 kB
Committed_AS:   12418164 kB
VmallocTotal:   34359738367 kB
VmallocUsed:           0 kB
VmallocChunk:          0 kB
Percpu:             1248 kB
HardwareCorrupted:     0 kB
AnonHugePages:     22528 kB
ShmemHugePages:        0 kB
ShmemPmdMapped:        0 kB
HugePages_Total:       0
HugePages_Free:        0
HugePages_Rsvd:        0
HugePages_Surp:        0
Hugepagesize:       2048 kB
Hugetlb:               0 kB
DirectMap4k:      122752 kB
DirectMap2M:     6168576 kB

container (cgroup) information:
container_type: cgroupv1
cpu_cpuset_cpus: 0-2
cpu_memory_nodes: 0
active_processor_count: 3
cpu_quota: -1
cpu_period: 100000
cpu_shares: -1
memory_limit_in_bytes: -1
memory_and_swap_limit_in_bytes: -2
memory_soft_limit_in_bytes: -1
memory_usage_in_bytes: 195080192
memory_max_usage_in_bytes: 226152448


CPU:total 3 (initial active 3) (1 cores per cpu, 1 threads per core) family 6 model 62 stepping 4, cmov, cx8, fxsr, mmx, sse, sse2, sse3, ssse3, sse4.1, sse4.2, popcnt, avx, aes, clmul, erms, tsc, tscinvbit

/proc/cpuinfo:
processor	: 0
vendor_id	: GenuineIntel
cpu family	: 6
model		: 62
model name	: Intel(R) Xeon(R) CPU E5-2680 v2 @ 2.80GHz
stepping	: 4
microcode	: 0x42e
cpu MHz		: 2799.999
cache size	: 25600 KB
physical id	: 0
siblings	: 1
core id		: 0
cpu cores	: 1
apicid		: 0
initial apicid	: 0
fpu		: yes
fpu_exception	: yes
cpuid level	: 13
wp		: yes
flags		: fpu vme de pse tsc msr pae mce cx8 apic sep mtrr pge mca cmov pat pse36 clflush mmx fxsr sse sse2 ss syscall nx rdtscp lm constant_tsc arch_perfmon nopl xtopology tsc_reliable nonstop_tsc cpuid pni pclmulqdq ssse3 cx16 pcid sse4_1 sse4_2 x2apic popcnt tsc_deadline_timer aes xsave avx f16c rdrand hypervisor lahf_lm cpuid_fault pti ssbd ibrs ibpb stibp fsgsbase tsc_adjust smep arat md_clear flush_l1d arch_capabilities
bugs		: cpu_meltdown spectre_v1 spectre_v2 spec_store_bypass l1tf mds swapgs itlb_multihit
bogomips	: 5599.99
clflush size	: 64
cache_alignment	: 64
address sizes	: 45 bits physical, 48 bits virtual
power management:

processor	: 1
vendor_id	: GenuineIntel
cpu family	: 6
model		: 62
model name	: Intel(R) Xeon(R) CPU E5-2680 v2 @ 2.80GHz
stepping	: 4
microcode	: 0x42e
cpu MHz		: 2799.999
cache size	: 25600 KB
physical id	: 2
siblings	: 1
core id		: 0
cpu cores	: 1
apicid		: 2
initial apicid	: 2
fpu		: yes
fpu_exception	: yes
cpuid level	: 13
wp		: yes
flags		: fpu vme de pse tsc msr pae mce cx8 apic sep mtrr pge mca cmov pat pse36 clflush mmx fxsr sse sse2 ss syscall nx rdtscp lm constant_tsc arch_perfmon nopl xtopology tsc_reliable nonstop_tsc cpuid pni pclmulqdq ssse3 cx16 pcid sse4_1 sse4_2 x2apic popcnt tsc_deadline_timer aes xsave avx f16c rdrand hypervisor lahf_lm cpuid_fault pti ssbd ibrs ibpb stibp fsgsbase tsc_adjust smep arat md_clear flush_l1d arch_capabilities
bugs		: cpu_meltdown spectre_v1 spectre_v2 spec_store_bypass l1tf mds swapgs itlb_multihit
bogomips	: 5599.99
clflush size	: 64
cache_alignment	: 64
address sizes	: 45 bits physical, 48 bits virtual
power management:

processor	: 2
vendor_id	: GenuineIntel
cpu family	: 6
model		: 62
model name	: Intel(R) Xeon(R) CPU E5-2680 v2 @ 2.80GHz
stepping	: 4
microcode	: 0x42e
cpu MHz		: 2799.999
cache size	: 25600 KB
physical id	: 4
siblings	: 1
core id		: 0
cpu cores	: 1
apicid		: 4
initial apicid	: 4
fpu		: yes
fpu_exception	: yes
cpuid level	: 13
wp		: yes
flags		: fpu vme de pse tsc msr pae mce cx8 apic sep mtrr pge mca cmov pat pse36 clflush mmx fxsr sse sse2 ss syscall nx rdtscp lm constant_tsc arch_perfmon nopl xtopology tsc_reliable nonstop_tsc cpuid pni pclmulqdq ssse3 cx16 pcid sse4_1 sse4_2 x2apic popcnt tsc_deadline_timer aes xsave avx f16c rdrand hypervisor lahf_lm cpuid_fault pti ssbd ibrs ibpb stibp fsgsbase tsc_adjust smep arat md_clear flush_l1d arch_capabilities
bugs		: cpu_meltdown spectre_v1 spectre_v2 spec_store_bypass l1tf mds swapgs itlb_multihit
bogomips	: 5599.99
clflush size	: 64
cache_alignment	: 64
address sizes	: 45 bits physical, 48 bits virtual
power management:



Memory: 4k page, physical 6105684k(119036k free), swap 0k(0k free)

vm_info: OpenJDK 64-Bit Server VM (25.282-b08) for linux-amd64 JRE (1.8.0_282-b08), built on Jan 16 2021 23:40:57 by "bellsoft" with gcc 7.3.1 20180303 (Red Hat 7.3.1-5)

time: Fri Sep  3 09:50:43 2021
timezone: CEST
elapsed time: 0.346350 seconds (0d 0h 0m 0s)

